{
"contracts\\Address.sol":{"l":{"29":0,"30":0,"32":0,"33":0,"53":0,"56":0,"57":0},"path":"C:\\Users\\USER\\Documents\\tesis\\backend\\truffle\\contracts\\Address.sol","s":{"1":0,"2":0,"3":0,"4":0,"5":0,"6":0},"b":{"1":[0,0],"2":[0,0]},"f":{"1":0,"2":0},"fnMap":{"1":{"name":"isContract","line":25,"loc":{"start":{"line":25,"column":4},"end":{"line":34,"column":4}}},"2":{"name":"sendValue","line":52,"loc":{"start":{"line":52,"column":4},"end":{"line":58,"column":4}}}},"statementMap":{"1":{"start":{"line":29,"column":8},"end":{"line":29,"column":24}},"2":{"start":{"line":30,"column":8},"end":{"line":30,"column":96}},"3":{"start":{"line":33,"column":8},"end":{"line":33,"column":59}},"4":{"start":{"line":53,"column":8},"end":{"line":53,"column":80}},"5":{"start":{"line":56,"column":8},"end":{"line":56,"column":62}},"6":{"start":{"line":57,"column":8},"end":{"line":57,"column":85}}},"branchMap":{"1":{"line":53,"type":"if","locations":[{"start":{"line":53,"column":8},"end":{"line":53,"column":8}},{"start":{"line":53,"column":8},"end":{"line":53,"column":8}}]},"2":{"line":57,"type":"if","locations":[{"start":{"line":57,"column":8},"end":{"line":57,"column":8}},{"start":{"line":57,"column":8},"end":{"line":57,"column":8}}]}}},
"contracts\\Container.sol":{"l":{"31":3,"32":3,"33":3,"34":3,"35":3,"36":3,"37":3,"41":11,"42":5,"46":4,"59":1,"60":1,"61":1,"72":1,"73":1,"74":1,"78":1,"82":1,"88":1,"92":5,"96":2,"101":3,"102":1,"106":7,"107":5,"108":3,"109":1,"110":1,"114":3,"115":1,"116":1,"120":1,"124":0,"125":0,"129":3,"130":3,"131":3,"132":3,"136":4},"path":"C:\\Users\\USER\\Documents\\tesis\\backend\\truffle\\contracts\\Container.sol","s":{"1":3,"2":3,"3":3,"4":3,"5":3,"6":3,"7":3,"8":11,"9":4,"10":1,"11":1,"12":1,"13":1,"14":1,"15":1,"16":1,"17":1,"18":1,"19":5,"20":2,"21":3,"22":1,"23":7,"24":5,"25":3,"26":1,"27":1,"28":3,"29":1,"30":1,"31":1,"32":0,"33":0,"34":3,"35":3,"36":3,"37":3,"38":4},"b":{"1":[3,0],"2":[5,6],"3":[1,2],"4":[5,2],"5":[3,2],"6":[1,2],"7":[1,2],"8":[0,0]},"f":{"1":3,"2":11,"3":4,"4":1,"5":1,"6":1,"7":1,"8":1,"9":5,"10":2,"11":3,"12":7,"13":3,"14":1,"15":0,"16":3,"17":4},"fnMap":{"1":{"name":"constructor","line":30,"loc":{"start":{"line":30,"column":4},"end":{"line":38,"column":4}}},"2":{"name":"isRewardable","line":40,"loc":{"start":{"line":40,"column":4},"end":{"line":43,"column":4}}},"3":{"name":"setAmountToTransfer","line":45,"loc":{"start":{"line":45,"column":4},"end":{"line":47,"column":4}}},"4":{"name":"reward","line":58,"loc":{"start":{"line":58,"column":4},"end":{"line":62,"column":4}}},"5":{"name":"rewardEntity","line":71,"loc":{"start":{"line":71,"column":4},"end":{"line":75,"column":4}}},"6":{"name":"getRecyclablesRecycled","line":77,"loc":{"start":{"line":77,"column":4},"end":{"line":79,"column":4}}},"7":{"name":"getAmountTokensGenerated","line":81,"loc":{"start":{"line":81,"column":4},"end":{"line":83,"column":4}}},"8":{"name":"getAddress","line":87,"loc":{"start":{"line":87,"column":4},"end":{"line":89,"column":4}}},"9":{"name":"getIntendence","line":91,"loc":{"start":{"line":91,"column":4},"end":{"line":93,"column":4}}},"10":{"name":"getRecyclables","line":95,"loc":{"start":{"line":95,"column":4},"end":{"line":97,"column":4}}},"11":{"name":"addSpot","line":100,"loc":{"start":{"line":100,"column":4},"end":{"line":103,"column":4}}},"12":{"name":"associateSpot","line":105,"loc":{"start":{"line":105,"column":4},"end":{"line":111,"column":4}}},"13":{"name":"rewardSpot","line":113,"loc":{"start":{"line":113,"column":4},"end":{"line":117,"column":4}}},"14":{"name":"getTotalAmountRecycled","line":119,"loc":{"start":{"line":119,"column":4},"end":{"line":121,"column":4}}},"15":{"name":"isContainerRestricted","line":123,"loc":{"start":{"line":123,"column":4},"end":{"line":126,"column":4}}},"16":{"name":"_transfer","line":128,"loc":{"start":{"line":128,"column":4},"end":{"line":133,"column":4}}},"17":{"name":"addRewardable","line":135,"loc":{"start":{"line":135,"column":4},"end":{"line":137,"column":4}}}},"statementMap":{"1":{"start":{"line":31,"column":8},"end":{"line":31,"column":100}},"2":{"start":{"line":32,"column":8},"end":{"line":32,"column":31}},"3":{"start":{"line":33,"column":8},"end":{"line":33,"column":33}},"4":{"start":{"line":34,"column":8},"end":{"line":34,"column":28}},"5":{"start":{"line":35,"column":8},"end":{"line":35,"column":27}},"6":{"start":{"line":36,"column":8},"end":{"line":36,"column":32}},"7":{"start":{"line":37,"column":8},"end":{"line":37,"column":19}},"8":{"start":{"line":41,"column":8},"end":{"line":41,"column":69}},"9":{"start":{"line":46,"column":8},"end":{"line":46,"column":33}},"10":{"start":{"line":59,"column":8},"end":{"line":59,"column":81}},"11":{"start":{"line":60,"column":8},"end":{"line":60,"column":63}},"12":{"start":{"line":61,"column":8},"end":{"line":61,"column":33}},"13":{"start":{"line":72,"column":8},"end":{"line":72,"column":81}},"14":{"start":{"line":73,"column":8},"end":{"line":73,"column":63}},"15":{"start":{"line":74,"column":8},"end":{"line":74,"column":32}},"16":{"start":{"line":78,"column":8},"end":{"line":78,"column":47}},"17":{"start":{"line":82,"column":8},"end":{"line":82,"column":43}},"18":{"start":{"line":88,"column":8},"end":{"line":88,"column":28}},"19":{"start":{"line":92,"column":8},"end":{"line":92,"column":25}},"20":{"start":{"line":96,"column":8},"end":{"line":96,"column":26}},"21":{"start":{"line":101,"column":8},"end":{"line":101,"column":66}},"22":{"start":{"line":102,"column":8},"end":{"line":102,"column":48}},"23":{"start":{"line":106,"column":8},"end":{"line":106,"column":61}},"24":{"start":{"line":107,"column":8},"end":{"line":107,"column":83}},"25":{"start":{"line":108,"column":8},"end":{"line":108,"column":79}},"26":{"start":{"line":109,"column":8},"end":{"line":109,"column":39}},"27":{"start":{"line":110,"column":8},"end":{"line":110,"column":36}},"28":{"start":{"line":114,"column":8},"end":{"line":114,"column":61}},"29":{"start":{"line":115,"column":8},"end":{"line":115,"column":52}},"30":{"start":{"line":116,"column":8},"end":{"line":116,"column":32}},"31":{"start":{"line":120,"column":8},"end":{"line":120,"column":29}},"32":{"start":{"line":124,"column":8},"end":{"line":124,"column":61}},"33":{"start":{"line":125,"column":8},"end":{"line":125,"column":58}},"34":{"start":{"line":129,"column":8},"end":{"line":129,"column":60}},"35":{"start":{"line":130,"column":8},"end":{"line":130,"column":98}},"36":{"start":{"line":131,"column":8},"end":{"line":131,"column":91}},"37":{"start":{"line":132,"column":8},"end":{"line":132,"column":45}},"38":{"start":{"line":136,"column":8},"end":{"line":136,"column":41}}},"branchMap":{"1":{"line":31,"type":"if","locations":[{"start":{"line":31,"column":8},"end":{"line":31,"column":8}},{"start":{"line":31,"column":8},"end":{"line":31,"column":8}}]},"2":{"line":41,"type":"if","locations":[{"start":{"line":41,"column":8},"end":{"line":41,"column":8}},{"start":{"line":41,"column":8},"end":{"line":41,"column":8}}]},"3":{"line":101,"type":"if","locations":[{"start":{"line":101,"column":8},"end":{"line":101,"column":8}},{"start":{"line":101,"column":8},"end":{"line":101,"column":8}}]},"4":{"line":106,"type":"if","locations":[{"start":{"line":106,"column":8},"end":{"line":106,"column":8}},{"start":{"line":106,"column":8},"end":{"line":106,"column":8}}]},"5":{"line":107,"type":"if","locations":[{"start":{"line":107,"column":8},"end":{"line":107,"column":8}},{"start":{"line":107,"column":8},"end":{"line":107,"column":8}}]},"6":{"line":108,"type":"if","locations":[{"start":{"line":108,"column":8},"end":{"line":108,"column":8}},{"start":{"line":108,"column":8},"end":{"line":108,"column":8}}]},"7":{"line":114,"type":"if","locations":[{"start":{"line":114,"column":8},"end":{"line":114,"column":8}},{"start":{"line":114,"column":8},"end":{"line":114,"column":8}}]},"8":{"line":124,"type":"if","locations":[{"start":{"line":124,"column":8},"end":{"line":124,"column":8}},{"start":{"line":124,"column":8},"end":{"line":124,"column":8}}]}}},
"contracts\\Context.sol":{"l":{"15":20,"19":0,"20":0},"path":"C:\\Users\\USER\\Documents\\tesis\\backend\\truffle\\contracts\\Context.sol","s":{"1":20,"2":0},"b":{},"f":{"1":20,"2":0},"fnMap":{"1":{"name":"_msgSender","line":14,"loc":{"start":{"line":14,"column":4},"end":{"line":16,"column":4}}},"2":{"name":"_msgData","line":18,"loc":{"start":{"line":18,"column":4},"end":{"line":21,"column":4}}}},"statementMap":{"1":{"start":{"line":15,"column":8},"end":{"line":15,"column":25}},"2":{"start":{"line":20,"column":8},"end":{"line":20,"column":23}}},"branchMap":{}},
"contracts\\ERC20.sol":{"l":{"63":6,"64":6,"65":6,"66":6,"70":6,"71":4,"75":8,"76":8,"77":8,"81":1,"82":1,"83":1,"90":0,"98":0,"115":0,"122":0,"129":11,"149":4,"150":4,"163":0,"179":0,"180":0,"200":0,"201":0,"209":0,"229":0,"234":0,"256":0,"264":0,"268":4,"272":1,"294":4,"295":4,"297":4,"299":4,"303":4,"304":4,"305":4,"318":4,"320":4,"322":4,"323":4,"324":4,"339":0,"341":0,"343":0,"347":0,"348":0,"369":0,"370":0,"372":0,"373":0,"384":0},"path":"C:\\Users\\USER\\Documents\\tesis\\backend\\truffle\\contracts\\ERC20.sol","s":{"1":6,"2":6,"3":6,"4":6,"5":6,"6":8,"7":8,"8":8,"9":1,"10":1,"11":1,"12":0,"13":0,"14":0,"15":0,"16":11,"17":4,"18":4,"19":0,"20":0,"21":0,"22":0,"23":0,"24":0,"25":0,"26":0,"27":0,"28":0,"29":4,"30":1,"31":4,"32":4,"33":4,"34":4,"35":4,"36":4,"37":4,"38":4,"39":4,"40":4,"41":4,"42":4,"43":0,"44":0,"45":0,"46":0,"47":0,"48":0,"49":0,"50":0,"51":0,"52":0},"b":{"1":[4,2],"2":[8,0],"3":[8,0],"4":[1,0],"5":[1,0],"6":[4,0],"7":[4,0],"8":[4,0],"9":[0,0],"10":[0,0],"11":[0,0]},"f":{"1":6,"2":6,"3":8,"4":1,"5":0,"6":0,"7":0,"8":0,"9":11,"10":4,"11":0,"12":0,"13":0,"14":0,"15":0,"16":4,"17":1,"18":4,"19":4,"20":0,"21":0,"22":0,"23":8},"fnMap":{"1":{"name":"constructor","line":62,"loc":{"start":{"line":62,"column":4},"end":{"line":67,"column":4}}},"2":{"name":"isMintable","line":69,"loc":{"start":{"line":69,"column":4},"end":{"line":72,"column":4}}},"3":{"name":"addMintable","line":74,"loc":{"start":{"line":74,"column":4},"end":{"line":78,"column":4}}},"4":{"name":"removeMintable","line":80,"loc":{"start":{"line":80,"column":4},"end":{"line":84,"column":4}}},"5":{"name":"name","line":89,"loc":{"start":{"line":89,"column":4},"end":{"line":91,"column":4}}},"6":{"name":"symbol","line":97,"loc":{"start":{"line":97,"column":4},"end":{"line":99,"column":4}}},"7":{"name":"decimals","line":114,"loc":{"start":{"line":114,"column":4},"end":{"line":116,"column":4}}},"8":{"name":"totalSupply","line":121,"loc":{"start":{"line":121,"column":4},"end":{"line":123,"column":4}}},"9":{"name":"balanceOf","line":128,"loc":{"start":{"line":128,"column":4},"end":{"line":130,"column":4}}},"10":{"name":"transfer","line":143,"loc":{"start":{"line":143,"column":4},"end":{"line":151,"column":4}}},"11":{"name":"allowance","line":156,"loc":{"start":{"line":156,"column":4},"end":{"line":164,"column":4}}},"12":{"name":"approve","line":173,"loc":{"start":{"line":173,"column":4},"end":{"line":181,"column":4}}},"13":{"name":"transferFrom","line":195,"loc":{"start":{"line":195,"column":4},"end":{"line":210,"column":4}}},"14":{"name":"increaseAllowance","line":224,"loc":{"start":{"line":224,"column":4},"end":{"line":235,"column":4}}},"15":{"name":"decreaseAllowance","line":251,"loc":{"start":{"line":251,"column":4},"end":{"line":265,"column":4}}},"16":{"name":"mint","line":267,"loc":{"start":{"line":267,"column":4},"end":{"line":269,"column":4}}},"17":{"name":"isMinter","line":271,"loc":{"start":{"line":271,"column":4},"end":{"line":273,"column":4}}},"18":{"name":"_transfer","line":289,"loc":{"start":{"line":289,"column":4},"end":{"line":306,"column":4}}},"19":{"name":"_mint","line":317,"loc":{"start":{"line":317,"column":4},"end":{"line":325,"column":4}}},"20":{"name":"_burn","line":338,"loc":{"start":{"line":338,"column":4},"end":{"line":349,"column":4}}},"21":{"name":"_approve","line":364,"loc":{"start":{"line":364,"column":4},"end":{"line":374,"column":4}}},"22":{"name":"_setupDecimals","line":383,"loc":{"start":{"line":383,"column":4},"end":{"line":385,"column":4}}},"23":{"name":"_beforeTokenTransfer","line":401,"loc":{"start":{"line":401,"column":4},"end":{"line":405,"column":24}}}},"statementMap":{"1":{"start":{"line":63,"column":8},"end":{"line":63,"column":19}},"2":{"start":{"line":64,"column":8},"end":{"line":64,"column":23}},"3":{"start":{"line":65,"column":8},"end":{"line":65,"column":20}},"4":{"start":{"line":66,"column":8},"end":{"line":66,"column":32}},"5":{"start":{"line":70,"column":8},"end":{"line":70,"column":67}},"6":{"start":{"line":75,"column":8},"end":{"line":75,"column":69}},"7":{"start":{"line":76,"column":8},"end":{"line":76,"column":68}},"8":{"start":{"line":77,"column":8},"end":{"line":77,"column":31}},"9":{"start":{"line":81,"column":8},"end":{"line":81,"column":64}},"10":{"start":{"line":82,"column":8},"end":{"line":82,"column":39}},"11":{"start":{"line":83,"column":8},"end":{"line":83,"column":32}},"12":{"start":{"line":90,"column":8},"end":{"line":90,"column":20}},"13":{"start":{"line":98,"column":8},"end":{"line":98,"column":22}},"14":{"start":{"line":115,"column":8},"end":{"line":115,"column":24}},"15":{"start":{"line":122,"column":8},"end":{"line":122,"column":27}},"16":{"start":{"line":129,"column":8},"end":{"line":129,"column":33}},"17":{"start":{"line":149,"column":8},"end":{"line":149,"column":49}},"18":{"start":{"line":150,"column":8},"end":{"line":150,"column":19}},"19":{"start":{"line":163,"column":8},"end":{"line":163,"column":42}},"20":{"start":{"line":179,"column":8},"end":{"line":179,"column":46}},"21":{"start":{"line":180,"column":8},"end":{"line":180,"column":19}},"22":{"start":{"line":200,"column":8},"end":{"line":200,"column":43}},"23":{"start":{"line":201,"column":8},"end":{"line":201,"column":6452}},"24":{"start":{"line":209,"column":8},"end":{"line":209,"column":19}},"25":{"start":{"line":229,"column":8},"end":{"line":229,"column":7248}},"26":{"start":{"line":234,"column":8},"end":{"line":234,"column":19}},"27":{"start":{"line":256,"column":8},"end":{"line":256,"column":8056}},"28":{"start":{"line":264,"column":8},"end":{"line":264,"column":19}},"29":{"start":{"line":268,"column":8},"end":{"line":268,"column":35}},"30":{"start":{"line":272,"column":8},"end":{"line":272,"column":35}},"31":{"start":{"line":294,"column":8},"end":{"line":294,"column":77}},"32":{"start":{"line":295,"column":8},"end":{"line":295,"column":78}},"33":{"start":{"line":297,"column":8},"end":{"line":297,"column":54}},"34":{"start":{"line":299,"column":8},"end":{"line":299,"column":9366}},"35":{"start":{"line":303,"column":8},"end":{"line":303,"column":62}},"36":{"start":{"line":304,"column":8},"end":{"line":304,"column":48}},"37":{"start":{"line":305,"column":8},"end":{"line":305,"column":58}},"38":{"start":{"line":318,"column":8},"end":{"line":318,"column":72}},"39":{"start":{"line":320,"column":8},"end":{"line":320,"column":56}},"40":{"start":{"line":322,"column":8},"end":{"line":322,"column":46}},"41":{"start":{"line":323,"column":8},"end":{"line":323,"column":58}},"42":{"start":{"line":324,"column":8},"end":{"line":324,"column":50}},"43":{"start":{"line":339,"column":8},"end":{"line":339,"column":74}},"44":{"start":{"line":341,"column":8},"end":{"line":341,"column":56}},"45":{"start":{"line":343,"column":8},"end":{"line":343,"column":10889}},"46":{"start":{"line":347,"column":8},"end":{"line":347,"column":46}},"47":{"start":{"line":348,"column":8},"end":{"line":348,"column":50}},"48":{"start":{"line":369,"column":8},"end":{"line":369,"column":75}},"49":{"start":{"line":370,"column":8},"end":{"line":370,"column":75}},"50":{"start":{"line":372,"column":8},"end":{"line":372,"column":43}},"51":{"start":{"line":373,"column":8},"end":{"line":373,"column":45}},"52":{"start":{"line":384,"column":8},"end":{"line":384,"column":28}}},"branchMap":{"1":{"line":70,"type":"if","locations":[{"start":{"line":70,"column":8},"end":{"line":70,"column":8}},{"start":{"line":70,"column":8},"end":{"line":70,"column":8}}]},"2":{"line":75,"type":"if","locations":[{"start":{"line":75,"column":8},"end":{"line":75,"column":8}},{"start":{"line":75,"column":8},"end":{"line":75,"column":8}}]},"3":{"line":76,"type":"if","locations":[{"start":{"line":76,"column":8},"end":{"line":76,"column":8}},{"start":{"line":76,"column":8},"end":{"line":76,"column":8}}]},"4":{"line":81,"type":"if","locations":[{"start":{"line":81,"column":8},"end":{"line":81,"column":8}},{"start":{"line":81,"column":8},"end":{"line":81,"column":8}}]},"5":{"line":82,"type":"if","locations":[{"start":{"line":82,"column":8},"end":{"line":82,"column":8}},{"start":{"line":82,"column":8},"end":{"line":82,"column":8}}]},"6":{"line":294,"type":"if","locations":[{"start":{"line":294,"column":8},"end":{"line":294,"column":8}},{"start":{"line":294,"column":8},"end":{"line":294,"column":8}}]},"7":{"line":295,"type":"if","locations":[{"start":{"line":295,"column":8},"end":{"line":295,"column":8}},{"start":{"line":295,"column":8},"end":{"line":295,"column":8}}]},"8":{"line":318,"type":"if","locations":[{"start":{"line":318,"column":8},"end":{"line":318,"column":8}},{"start":{"line":318,"column":8},"end":{"line":318,"column":8}}]},"9":{"line":339,"type":"if","locations":[{"start":{"line":339,"column":8},"end":{"line":339,"column":8}},{"start":{"line":339,"column":8},"end":{"line":339,"column":8}}]},"10":{"line":369,"type":"if","locations":[{"start":{"line":369,"column":8},"end":{"line":369,"column":8}},{"start":{"line":369,"column":8},"end":{"line":369,"column":8}}]},"11":{"line":370,"type":"if","locations":[{"start":{"line":370,"column":8},"end":{"line":370,"column":8}},{"start":{"line":370,"column":8},"end":{"line":370,"column":8}}]}}},
"contracts\\IERC20.sol":{"l":{},"path":"C:\\Users\\USER\\Documents\\tesis\\backend\\truffle\\contracts\\IERC20.sol","s":{},"b":{},"f":{},"fnMap":{},"statementMap":{},"branchMap":{}},
"contracts\\Intendence.sol":{"l":{"13":6,"14":4,"18":3,"22":6,"26":4,"27":2,"29":4,"33":1,"37":1,"41":5,"42":3,"43":3,"47":3,"48":1,"49":1},"path":"C:\\Users\\USER\\Documents\\tesis\\backend\\truffle\\contracts\\Intendence.sol","s":{"1":6,"2":3,"3":6,"4":4,"5":2,"6":4,"7":1,"8":1,"9":5,"10":3,"11":3,"12":3,"13":1,"14":1},"b":{"1":[4,2],"2":[2,2],"3":[3,2],"4":[3,0],"5":[1,2],"6":[1,0]},"f":{"1":6,"2":3,"3":6,"4":4,"5":1,"6":1,"7":5,"8":3},"fnMap":{"1":{"name":"isPayer","line":12,"loc":{"start":{"line":12,"column":3},"end":{"line":15,"column":3}}},"2":{"name":"constructor","line":17,"loc":{"start":{"line":17,"column":3},"end":{"line":19,"column":3}}},"3":{"name":"getTokenContract","line":21,"loc":{"start":{"line":21,"column":3},"end":{"line":23,"column":3}}},"4":{"name":"transfer","line":25,"loc":{"start":{"line":25,"column":3},"end":{"line":30,"column":3}}},"5":{"name":"addMintable","line":32,"loc":{"start":{"line":32,"column":3},"end":{"line":34,"column":3}}},"6":{"name":"removeMintable","line":36,"loc":{"start":{"line":36,"column":3},"end":{"line":38,"column":3}}},"7":{"name":"addPayer","line":40,"loc":{"start":{"line":40,"column":3},"end":{"line":44,"column":3}}},"8":{"name":"removePayer","line":46,"loc":{"start":{"line":46,"column":3},"end":{"line":50,"column":3}}}},"statementMap":{"1":{"start":{"line":13,"column":7},"end":{"line":13,"column":62}},"2":{"start":{"line":18,"column":7},"end":{"line":18,"column":37}},"3":{"start":{"line":22,"column":7},"end":{"line":22,"column":19}},"4":{"start":{"line":26,"column":7},"end":{"line":26,"column":604}},"5":{"start":{"line":27,"column":11},"end":{"line":27,"column":33}},"6":{"start":{"line":29,"column":7},"end":{"line":29,"column":33}},"7":{"start":{"line":33,"column":7},"end":{"line":33,"column":33}},"8":{"start":{"line":37,"column":7},"end":{"line":37,"column":36}},"9":{"start":{"line":41,"column":7},"end":{"line":41,"column":64}},"10":{"start":{"line":42,"column":7},"end":{"line":42,"column":65}},"11":{"start":{"line":43,"column":7},"end":{"line":43,"column":27}},"12":{"start":{"line":47,"column":7},"end":{"line":47,"column":59}},"13":{"start":{"line":48,"column":7},"end":{"line":48,"column":65}},"14":{"start":{"line":49,"column":7},"end":{"line":49,"column":28}}},"branchMap":{"1":{"line":13,"type":"if","locations":[{"start":{"line":13,"column":7},"end":{"line":13,"column":7}},{"start":{"line":13,"column":7},"end":{"line":13,"column":7}}]},"2":{"line":26,"type":"if","locations":[{"start":{"line":26,"column":7},"end":{"line":26,"column":7}},{"start":{"line":26,"column":7},"end":{"line":26,"column":7}}]},"3":{"line":41,"type":"if","locations":[{"start":{"line":41,"column":7},"end":{"line":41,"column":7}},{"start":{"line":41,"column":7},"end":{"line":41,"column":7}}]},"4":{"line":42,"type":"if","locations":[{"start":{"line":42,"column":7},"end":{"line":42,"column":7}},{"start":{"line":42,"column":7},"end":{"line":42,"column":7}}]},"5":{"line":47,"type":"if","locations":[{"start":{"line":47,"column":7},"end":{"line":47,"column":7}},{"start":{"line":47,"column":7},"end":{"line":47,"column":7}}]},"6":{"line":48,"type":"if","locations":[{"start":{"line":48,"column":7},"end":{"line":48,"column":7}},{"start":{"line":48,"column":7},"end":{"line":48,"column":7}}]}}},
"contracts\\Owner.sol":{"l":{"22":56,"23":48,"28":0,"29":0,"36":15,"37":15,"45":0,"46":0,"54":4},"path":"C:\\Users\\USER\\Documents\\tesis\\backend\\truffle\\contracts\\Owner.sol","s":{"1":56,"2":0,"3":15,"4":15,"5":0,"6":0,"7":4},"b":{"1":[48,8],"2":[0,0]},"f":{"1":56,"2":0,"3":15,"4":0,"5":4},"fnMap":{"1":{"name":"isOwner","line":16,"loc":{"start":{"line":16,"column":4},"end":{"line":24,"column":4}}},"2":{"name":"bothOwnersAreEquals","line":27,"loc":{"start":{"line":27,"column":4},"end":{"line":30,"column":4}}},"3":{"name":"constructor","line":35,"loc":{"start":{"line":35,"column":4},"end":{"line":38,"column":4}}},"4":{"name":"changeOwner","line":44,"loc":{"start":{"line":44,"column":4},"end":{"line":47,"column":4}}},"5":{"name":"getOwner","line":53,"loc":{"start":{"line":53,"column":4},"end":{"line":55,"column":4}}}},"statementMap":{"1":{"start":{"line":22,"column":8},"end":{"line":22,"column":58}},"2":{"start":{"line":28,"column":8},"end":{"line":28,"column":63}},"3":{"start":{"line":36,"column":8},"end":{"line":36,"column":25}},"4":{"start":{"line":37,"column":8},"end":{"line":37,"column":40}},"5":{"start":{"line":45,"column":8},"end":{"line":45,"column":38}},"6":{"start":{"line":46,"column":8},"end":{"line":46,"column":23}},"7":{"start":{"line":54,"column":8},"end":{"line":54,"column":20}}},"branchMap":{"1":{"line":22,"type":"if","locations":[{"start":{"line":22,"column":8},"end":{"line":22,"column":8}},{"start":{"line":22,"column":8},"end":{"line":22,"column":8}}]},"2":{"line":28,"type":"if","locations":[{"start":{"line":28,"column":8},"end":{"line":28,"column":8}},{"start":{"line":28,"column":8},"end":{"line":28,"column":8}}]}}},
"contracts\\Recyclables.sol":{"l":{"31":6,"32":6,"33":4,"37":31,"38":27,"51":2,"52":2,"53":2,"54":2,"55":1,"57":2,"58":1,"60":2,"73":11,"74":9,"86":9,"87":9,"88":7,"89":7,"90":7,"91":7,"104":4,"105":4,"106":4,"107":4,"108":4,"109":4,"122":3,"123":3,"133":2,"134":2,"135":2,"136":8,"137":1,"138":1,"141":2,"154":3,"155":3,"165":2,"166":1,"168":1,"175":5,"176":5,"177":5,"178":10,"179":7,"180":7,"183":5,"194":9,"195":2,"196":2,"198":9,"199":9,"200":9,"201":9,"202":9,"213":1,"214":1,"215":1,"216":0,"217":0,"219":1,"233":1,"234":1,"235":1,"236":1,"237":1,"238":1,"240":1,"241":0,"242":0,"244":1},"path":"C:\\Users\\USER\\Documents\\tesis\\backend\\truffle\\contracts\\Recyclables.sol","s":{"1":6,"2":6,"3":31,"4":2,"5":2,"6":2,"7":2,"8":1,"9":2,"10":1,"11":2,"12":11,"13":9,"14":9,"15":9,"16":7,"17":7,"18":7,"19":7,"20":4,"21":4,"22":4,"23":4,"24":4,"25":4,"26":3,"27":3,"28":2,"29":2,"30":2,"31":8,"32":1,"33":2,"34":3,"35":3,"36":2,"37":1,"38":1,"39":5,"40":5,"41":5,"42":10,"43":7,"44":7,"45":5,"46":9,"47":2,"48":2,"49":9,"50":9,"51":9,"52":9,"53":9,"54":1,"55":1,"56":1,"57":0,"58":1,"59":1,"60":1,"61":1,"62":1,"63":1,"64":1,"65":1,"66":0,"67":1},"b":{"1":[4,2],"2":[27,4],"3":[1,1],"4":[1,1],"5":[9,2],"6":[7,2],"7":[1,7],"8":[1,1],"9":[7,3],"10":[2,7],"11":[1,0],"12":[0,1],"13":[1,0],"14":[1,0],"15":[0,1]},"f":{"1":6,"2":31,"3":3,"4":2,"5":11,"6":9,"7":4,"8":3,"9":2,"10":3,"11":2,"12":5,"13":9,"14":1,"15":1},"fnMap":{"1":{"name":"isOwnerRecyclable","line":30,"loc":{"start":{"line":30,"column":4},"end":{"line":34,"column":4}}},"2":{"name":"RecyclableExists","line":36,"loc":{"start":{"line":36,"column":4},"end":{"line":39,"column":4}}},"3":{"name":"constructor","line":41,"loc":{"start":{"line":41,"column":4},"end":{"line":41,"column":24}}},"4":{"name":"remove","line":50,"loc":{"start":{"line":50,"column":4},"end":{"line":61,"column":4}}},"5":{"name":"add","line":72,"loc":{"start":{"line":72,"column":4},"end":{"line":75,"column":4}}},"6":{"name":"addUserToRecyclable","line":85,"loc":{"start":{"line":85,"column":4},"end":{"line":92,"column":4}}},"7":{"name":"useRecyclable","line":103,"loc":{"start":{"line":103,"column":4},"end":{"line":110,"column":4}}},"8":{"name":"isAvailable","line":121,"loc":{"start":{"line":121,"column":4},"end":{"line":124,"column":4}}},"9":{"name":"getRecyclablesByOwner","line":132,"loc":{"start":{"line":132,"column":4},"end":{"line":142,"column":4}}},"10":{"name":"getOwnerByRecyclable","line":153,"loc":{"start":{"line":153,"column":4},"end":{"line":156,"column":4}}},"11":{"name":"getAmountRecyclables","line":164,"loc":{"start":{"line":164,"column":4},"end":{"line":169,"column":4}}},"12":{"name":"getAvailableRecyclables","line":174,"loc":{"start":{"line":174,"column":4},"end":{"line":184,"column":4}}},"13":{"name":"_add","line":193,"loc":{"start":{"line":193,"column":4},"end":{"line":203,"column":4}}},"14":{"name":"_removeLastCell","line":212,"loc":{"start":{"line":212,"column":4},"end":{"line":220,"column":4}}},"15":{"name":"_removeInTheMiddleCell","line":232,"loc":{"start":{"line":232,"column":4},"end":{"line":245,"column":4}}}},"statementMap":{"1":{"start":{"line":31,"column":8},"end":{"line":31,"column":33}},"2":{"start":{"line":32,"column":8},"end":{"line":32,"column":88}},"3":{"start":{"line":37,"column":8},"end":{"line":37,"column":72}},"4":{"start":{"line":51,"column":8},"end":{"line":51,"column":43}},"5":{"start":{"line":52,"column":8},"end":{"line":52,"column":58}},"6":{"start":{"line":53,"column":8},"end":{"line":53,"column":64}},"7":{"start":{"line":54,"column":8},"end":{"line":54,"column":1899}},"8":{"start":{"line":55,"column":10},"end":{"line":55,"column":51}},"9":{"start":{"line":57,"column":8},"end":{"line":57,"column":1993}},"10":{"start":{"line":58,"column":10},"end":{"line":58,"column":58}},"11":{"start":{"line":60,"column":8},"end":{"line":60,"column":67}},"12":{"start":{"line":73,"column":8},"end":{"line":73,"column":62}},"13":{"start":{"line":74,"column":8},"end":{"line":74,"column":15}},"14":{"start":{"line":86,"column":8},"end":{"line":86,"column":40}},"15":{"start":{"line":87,"column":8},"end":{"line":87,"column":77}},"16":{"start":{"line":88,"column":8},"end":{"line":88,"column":68}},"17":{"start":{"line":89,"column":8},"end":{"line":89,"column":41}},"18":{"start":{"line":90,"column":8},"end":{"line":90,"column":81}},"19":{"start":{"line":91,"column":8},"end":{"line":91,"column":67}},"20":{"start":{"line":104,"column":8},"end":{"line":104,"column":40}},"21":{"start":{"line":105,"column":8},"end":{"line":105,"column":43}},"22":{"start":{"line":106,"column":8},"end":{"line":106,"column":44}},"23":{"start":{"line":107,"column":8},"end":{"line":107,"column":40}},"24":{"start":{"line":108,"column":8},"end":{"line":108,"column":73}},"25":{"start":{"line":109,"column":8},"end":{"line":109,"column":67}},"26":{"start":{"line":122,"column":8},"end":{"line":122,"column":40}},"27":{"start":{"line":123,"column":8},"end":{"line":123,"column":41}},"28":{"start":{"line":133,"column":8},"end":{"line":133,"column":71}},"29":{"start":{"line":134,"column":8},"end":{"line":134,"column":24}},"30":{"start":{"line":135,"column":8},"end":{"line":135,"column":4920}},"31":{"start":{"line":136,"column":10},"end":{"line":136,"column":4982}},"32":{"start":{"line":137,"column":12},"end":{"line":137,"column":30}},"33":{"start":{"line":141,"column":8},"end":{"line":141,"column":21}},"34":{"start":{"line":154,"column":8},"end":{"line":154,"column":40}},"35":{"start":{"line":155,"column":8},"end":{"line":155,"column":36}},"36":{"start":{"line":165,"column":8},"end":{"line":165,"column":5813}},"37":{"start":{"line":166,"column":12},"end":{"line":166,"column":20}},"38":{"start":{"line":168,"column":8},"end":{"line":168,"column":41}},"39":{"start":{"line":175,"column":8},"end":{"line":175,"column":68}},"40":{"start":{"line":176,"column":8},"end":{"line":176,"column":37}},"41":{"start":{"line":177,"column":9},"end":{"line":177,"column":6160}},"42":{"start":{"line":178,"column":14},"end":{"line":178,"column":6229}},"43":{"start":{"line":179,"column":18},"end":{"line":179,"column":67}},"44":{"start":{"line":180,"column":18},"end":{"line":180,"column":67}},"45":{"start":{"line":183,"column":9},"end":{"line":183,"column":22}},"46":{"start":{"line":194,"column":8},"end":{"line":194,"column":6692}},"47":{"start":{"line":195,"column":12},"end":{"line":195,"column":76}},"48":{"start":{"line":196,"column":12},"end":{"line":196,"column":40}},"49":{"start":{"line":198,"column":8},"end":{"line":198,"column":71}},"50":{"start":{"line":199,"column":8},"end":{"line":199,"column":36}},"51":{"start":{"line":200,"column":8},"end":{"line":200,"column":21}},"52":{"start":{"line":201,"column":8},"end":{"line":201,"column":47}},"53":{"start":{"line":202,"column":8},"end":{"line":202,"column":67}},"54":{"start":{"line":213,"column":9},"end":{"line":213,"column":44}},"55":{"start":{"line":214,"column":9},"end":{"line":214,"column":52}},"56":{"start":{"line":215,"column":9},"end":{"line":215,"column":7632}},"57":{"start":{"line":216,"column":13},"end":{"line":216,"column":100}},"58":{"start":{"line":219,"column":9},"end":{"line":219,"column":26}},"59":{"start":{"line":233,"column":8},"end":{"line":233,"column":43}},"60":{"start":{"line":234,"column":8},"end":{"line":234,"column":77}},"61":{"start":{"line":235,"column":8},"end":{"line":235,"column":8712}},"62":{"start":{"line":236,"column":12},"end":{"line":236,"column":79}},"63":{"start":{"line":237,"column":12},"end":{"line":237,"column":73}},"64":{"start":{"line":238,"column":12},"end":{"line":238,"column":44}},"65":{"start":{"line":240,"column":8},"end":{"line":240,"column":8970}},"66":{"start":{"line":241,"column":12},"end":{"line":241,"column":99}},"67":{"start":{"line":244,"column":8},"end":{"line":244,"column":25}}},"branchMap":{"1":{"line":32,"type":"if","locations":[{"start":{"line":32,"column":8},"end":{"line":32,"column":8}},{"start":{"line":32,"column":8},"end":{"line":32,"column":8}}]},"2":{"line":37,"type":"if","locations":[{"start":{"line":37,"column":8},"end":{"line":37,"column":8}},{"start":{"line":37,"column":8},"end":{"line":37,"column":8}}]},"3":{"line":54,"type":"if","locations":[{"start":{"line":54,"column":8},"end":{"line":54,"column":8}},{"start":{"line":54,"column":8},"end":{"line":54,"column":8}}]},"4":{"line":57,"type":"if","locations":[{"start":{"line":57,"column":8},"end":{"line":57,"column":8}},{"start":{"line":57,"column":8},"end":{"line":57,"column":8}}]},"5":{"line":73,"type":"if","locations":[{"start":{"line":73,"column":8},"end":{"line":73,"column":8}},{"start":{"line":73,"column":8},"end":{"line":73,"column":8}}]},"6":{"line":87,"type":"if","locations":[{"start":{"line":87,"column":8},"end":{"line":87,"column":8}},{"start":{"line":87,"column":8},"end":{"line":87,"column":8}}]},"7":{"line":136,"type":"if","locations":[{"start":{"line":136,"column":10},"end":{"line":136,"column":10}},{"start":{"line":136,"column":10},"end":{"line":136,"column":10}}]},"8":{"line":165,"type":"if","locations":[{"start":{"line":165,"column":8},"end":{"line":165,"column":8}},{"start":{"line":165,"column":8},"end":{"line":165,"column":8}}]},"9":{"line":178,"type":"if","locations":[{"start":{"line":178,"column":14},"end":{"line":178,"column":14}},{"start":{"line":178,"column":14},"end":{"line":178,"column":14}}]},"10":{"line":194,"type":"if","locations":[{"start":{"line":194,"column":8},"end":{"line":194,"column":8}},{"start":{"line":194,"column":8},"end":{"line":194,"column":8}}]},"11":{"line":214,"type":"if","locations":[{"start":{"line":214,"column":9},"end":{"line":214,"column":9}},{"start":{"line":214,"column":9},"end":{"line":214,"column":9}}]},"12":{"line":215,"type":"if","locations":[{"start":{"line":215,"column":9},"end":{"line":215,"column":9}},{"start":{"line":215,"column":9},"end":{"line":215,"column":9}}]},"13":{"line":234,"type":"if","locations":[{"start":{"line":234,"column":8},"end":{"line":234,"column":8}},{"start":{"line":234,"column":8},"end":{"line":234,"column":8}}]},"14":{"line":235,"type":"if","locations":[{"start":{"line":235,"column":8},"end":{"line":235,"column":8}},{"start":{"line":235,"column":8},"end":{"line":235,"column":8}}]},"15":{"line":240,"type":"if","locations":[{"start":{"line":240,"column":8},"end":{"line":240,"column":8}},{"start":{"line":240,"column":8},"end":{"line":240,"column":8}}]}}},
"contracts\\SafeMath.sol":{"l":{"28":48,"29":48,"31":48,"44":29,"57":33,"58":33,"60":33,"76":0,"77":0,"80":0,"81":0,"83":0,"98":0,"113":0,"114":0,"117":0,"132":0,"147":0,"148":0},"path":"C:\\Users\\USER\\Documents\\tesis\\backend\\truffle\\contracts\\SafeMath.sol","s":{"1":48,"2":48,"3":48,"4":29,"5":33,"6":33,"7":33,"8":0,"9":0,"10":0,"11":0,"12":0,"13":0,"14":0,"15":0,"16":0,"17":0,"18":0,"19":0},"b":{"1":[48,0],"2":[33,0],"3":[0,0],"4":[0,0],"5":[0,0],"6":[0,0]},"f":{"1":48,"2":29,"3":33,"4":0,"5":0,"6":0,"7":0,"8":0},"fnMap":{"1":{"name":"add","line":27,"loc":{"start":{"line":27,"column":4},"end":{"line":32,"column":4}}},"2":{"name":"sub","line":43,"loc":{"start":{"line":43,"column":4},"end":{"line":45,"column":4}}},"3":{"name":"sub","line":56,"loc":{"start":{"line":56,"column":4},"end":{"line":61,"column":4}}},"4":{"name":"mul","line":72,"loc":{"start":{"line":72,"column":4},"end":{"line":84,"column":4}}},"5":{"name":"div","line":97,"loc":{"start":{"line":97,"column":4},"end":{"line":99,"column":4}}},"6":{"name":"div","line":112,"loc":{"start":{"line":112,"column":4},"end":{"line":118,"column":4}}},"7":{"name":"mod","line":131,"loc":{"start":{"line":131,"column":4},"end":{"line":133,"column":4}}},"8":{"name":"mod","line":146,"loc":{"start":{"line":146,"column":4},"end":{"line":149,"column":4}}}},"statementMap":{"1":{"start":{"line":28,"column":8},"end":{"line":28,"column":25}},"2":{"start":{"line":29,"column":8},"end":{"line":29,"column":53}},"3":{"start":{"line":31,"column":8},"end":{"line":31,"column":16}},"4":{"start":{"line":44,"column":8},"end":{"line":44,"column":58}},"5":{"start":{"line":57,"column":8},"end":{"line":57,"column":36}},"6":{"start":{"line":58,"column":8},"end":{"line":58,"column":25}},"7":{"start":{"line":60,"column":8},"end":{"line":60,"column":16}},"8":{"start":{"line":76,"column":8},"end":{"line":76,"column":2530}},"9":{"start":{"line":77,"column":12},"end":{"line":77,"column":20}},"10":{"start":{"line":80,"column":8},"end":{"line":80,"column":25}},"11":{"start":{"line":81,"column":8},"end":{"line":81,"column":63}},"12":{"start":{"line":83,"column":8},"end":{"line":83,"column":16}},"13":{"start":{"line":98,"column":8},"end":{"line":98,"column":54}},"14":{"start":{"line":113,"column":8},"end":{"line":113,"column":35}},"15":{"start":{"line":114,"column":8},"end":{"line":114,"column":25}},"16":{"start":{"line":117,"column":8},"end":{"line":117,"column":16}},"17":{"start":{"line":132,"column":8},"end":{"line":132,"column":52}},"18":{"start":{"line":147,"column":8},"end":{"line":147,"column":36}},"19":{"start":{"line":148,"column":8},"end":{"line":148,"column":20}}},"branchMap":{"1":{"line":29,"type":"if","locations":[{"start":{"line":29,"column":8},"end":{"line":29,"column":8}},{"start":{"line":29,"column":8},"end":{"line":29,"column":8}}]},"2":{"line":57,"type":"if","locations":[{"start":{"line":57,"column":8},"end":{"line":57,"column":8}},{"start":{"line":57,"column":8},"end":{"line":57,"column":8}}]},"3":{"line":76,"type":"if","locations":[{"start":{"line":76,"column":8},"end":{"line":76,"column":8}},{"start":{"line":76,"column":8},"end":{"line":76,"column":8}}]},"4":{"line":81,"type":"if","locations":[{"start":{"line":81,"column":8},"end":{"line":81,"column":8}},{"start":{"line":81,"column":8},"end":{"line":81,"column":8}}]},"5":{"line":113,"type":"if","locations":[{"start":{"line":113,"column":8},"end":{"line":113,"column":8}},{"start":{"line":113,"column":8},"end":{"line":113,"column":8}}]},"6":{"line":147,"type":"if","locations":[{"start":{"line":147,"column":8},"end":{"line":147,"column":8}},{"start":{"line":147,"column":8},"end":{"line":147,"column":8}}]}}}}
