TN:
SF:C:\Users\USER\Documents\tesis\backend\truffle\contracts\Address.sol
FN:25,isContract
FN:52,sendValue
FNF:2
FNH:0
FNDA:0,isContract
FNDA:0,sendValue
DA:29,0
DA:30,0
DA:32,0
DA:33,0
DA:53,0
DA:56,0
DA:57,0
LF:7
LH:0
BRDA:53,1,0,0
BRDA:53,1,1,0
BRDA:57,2,0,0
BRDA:57,2,1,0
BRF:4
BRH:0
end_of_record
TN:
SF:C:\Users\USER\Documents\tesis\backend\truffle\contracts\Container.sol
FN:30,constructor
FN:40,isRewardable
FN:45,setAmountToTransfer
FN:58,reward
FN:71,rewardEntity
FN:77,getRecyclablesRecycled
FN:81,getAmountTokensGenerated
FN:87,getAddress
FN:91,getIntendence
FN:95,getRecyclables
FN:100,addSpot
FN:105,associateSpot
FN:113,rewardSpot
FN:119,getTotalAmountRecycled
FN:123,isContainerRestricted
FN:128,_transfer
FN:135,addRewardable
FNF:17
FNH:16
FNDA:3,constructor
FNDA:11,isRewardable
FNDA:4,setAmountToTransfer
FNDA:1,reward
FNDA:1,rewardEntity
FNDA:1,getRecyclablesRecycled
FNDA:1,getAmountTokensGenerated
FNDA:1,getAddress
FNDA:5,getIntendence
FNDA:2,getRecyclables
FNDA:3,addSpot
FNDA:7,associateSpot
FNDA:3,rewardSpot
FNDA:1,getTotalAmountRecycled
FNDA:0,isContainerRestricted
FNDA:3,_transfer
FNDA:4,addRewardable
DA:31,3
DA:32,3
DA:33,3
DA:34,3
DA:35,3
DA:36,3
DA:37,3
DA:41,11
DA:42,5
DA:46,4
DA:59,1
DA:60,1
DA:61,1
DA:72,1
DA:73,1
DA:74,1
DA:78,1
DA:82,1
DA:88,1
DA:92,5
DA:96,2
DA:101,3
DA:102,1
DA:106,7
DA:107,5
DA:108,3
DA:109,1
DA:110,1
DA:114,3
DA:115,1
DA:116,1
DA:120,1
DA:124,0
DA:125,0
DA:129,3
DA:130,3
DA:131,3
DA:132,3
DA:136,4
LF:39
LH:37
BRDA:31,1,0,3
BRDA:31,1,1,0
BRDA:41,2,0,5
BRDA:41,2,1,6
BRDA:101,3,0,1
BRDA:101,3,1,2
BRDA:106,4,0,5
BRDA:106,4,1,2
BRDA:107,5,0,3
BRDA:107,5,1,2
BRDA:108,6,0,1
BRDA:108,6,1,2
BRDA:114,7,0,1
BRDA:114,7,1,2
BRDA:124,8,0,0
BRDA:124,8,1,0
BRF:16
BRH:13
end_of_record
TN:
SF:C:\Users\USER\Documents\tesis\backend\truffle\contracts\Context.sol
FN:14,_msgSender
FN:18,_msgData
FNF:2
FNH:1
FNDA:20,_msgSender
FNDA:0,_msgData
DA:15,20
DA:19,0
DA:20,0
LF:3
LH:1
BRF:0
BRH:0
end_of_record
TN:
SF:C:\Users\USER\Documents\tesis\backend\truffle\contracts\ERC20.sol
FN:62,constructor
FN:69,isMintable
FN:74,addMintable
FN:80,removeMintable
FN:89,name
FN:97,symbol
FN:114,decimals
FN:121,totalSupply
FN:128,balanceOf
FN:143,transfer
FN:156,allowance
FN:173,approve
FN:195,transferFrom
FN:224,increaseAllowance
FN:251,decreaseAllowance
FN:267,mint
FN:271,isMinter
FN:289,_transfer
FN:317,_mint
FN:338,_burn
FN:364,_approve
FN:383,_setupDecimals
FN:401,_beforeTokenTransfer
FNF:23
FNH:11
FNDA:6,constructor
FNDA:6,isMintable
FNDA:8,addMintable
FNDA:1,removeMintable
FNDA:0,name
FNDA:0,symbol
FNDA:0,decimals
FNDA:0,totalSupply
FNDA:11,balanceOf
FNDA:4,transfer
FNDA:0,allowance
FNDA:0,approve
FNDA:0,transferFrom
FNDA:0,increaseAllowance
FNDA:0,decreaseAllowance
FNDA:4,mint
FNDA:1,isMinter
FNDA:4,_transfer
FNDA:4,_mint
FNDA:0,_burn
FNDA:0,_approve
FNDA:0,_setupDecimals
FNDA:8,_beforeTokenTransfer
DA:63,6
DA:64,6
DA:65,6
DA:66,6
DA:70,6
DA:71,4
DA:75,8
DA:76,8
DA:77,8
DA:81,1
DA:82,1
DA:83,1
DA:90,0
DA:98,0
DA:115,0
DA:122,0
DA:129,11
DA:149,4
DA:150,4
DA:163,0
DA:179,0
DA:180,0
DA:200,0
DA:201,0
DA:209,0
DA:229,0
DA:234,0
DA:256,0
DA:264,0
DA:268,4
DA:272,1
DA:294,4
DA:295,4
DA:297,4
DA:299,4
DA:303,4
DA:304,4
DA:305,4
DA:318,4
DA:320,4
DA:322,4
DA:323,4
DA:324,4
DA:339,0
DA:341,0
DA:343,0
DA:347,0
DA:348,0
DA:369,0
DA:370,0
DA:372,0
DA:373,0
DA:384,0
LF:53
LH:29
BRDA:70,1,0,4
BRDA:70,1,1,2
BRDA:75,2,0,8
BRDA:75,2,1,0
BRDA:76,3,0,8
BRDA:76,3,1,0
BRDA:81,4,0,1
BRDA:81,4,1,0
BRDA:82,5,0,1
BRDA:82,5,1,0
BRDA:294,6,0,4
BRDA:294,6,1,0
BRDA:295,7,0,4
BRDA:295,7,1,0
BRDA:318,8,0,4
BRDA:318,8,1,0
BRDA:339,9,0,0
BRDA:339,9,1,0
BRDA:369,10,0,0
BRDA:369,10,1,0
BRDA:370,11,0,0
BRDA:370,11,1,0
BRF:22
BRH:9
end_of_record
TN:
SF:C:\Users\USER\Documents\tesis\backend\truffle\contracts\IERC20.sol
FNF:0
FNH:0
LF:0
LH:0
BRF:0
BRH:0
end_of_record
TN:
SF:C:\Users\USER\Documents\tesis\backend\truffle\contracts\Intendence.sol
FN:12,isPayer
FN:17,constructor
FN:21,getTokenContract
FN:25,transfer
FN:32,addMintable
FN:36,removeMintable
FN:40,addPayer
FN:46,removePayer
FNF:8
FNH:8
FNDA:6,isPayer
FNDA:3,constructor
FNDA:6,getTokenContract
FNDA:4,transfer
FNDA:1,addMintable
FNDA:1,removeMintable
FNDA:5,addPayer
FNDA:3,removePayer
DA:13,6
DA:14,4
DA:18,3
DA:22,6
DA:26,4
DA:27,2
DA:29,4
DA:33,1
DA:37,1
DA:41,5
DA:42,3
DA:43,3
DA:47,3
DA:48,1
DA:49,1
LF:15
LH:15
BRDA:13,1,0,4
BRDA:13,1,1,2
BRDA:26,2,0,2
BRDA:26,2,1,2
BRDA:41,3,0,3
BRDA:41,3,1,2
BRDA:42,4,0,3
BRDA:42,4,1,0
BRDA:47,5,0,1
BRDA:47,5,1,2
BRDA:48,6,0,1
BRDA:48,6,1,0
BRF:12
BRH:10
end_of_record
TN:
SF:C:\Users\USER\Documents\tesis\backend\truffle\contracts\Owner.sol
FN:16,isOwner
FN:27,bothOwnersAreEquals
FN:35,constructor
FN:44,changeOwner
FN:53,getOwner
FNF:5
FNH:3
FNDA:56,isOwner
FNDA:0,bothOwnersAreEquals
FNDA:15,constructor
FNDA:0,changeOwner
FNDA:4,getOwner
DA:22,56
DA:23,48
DA:28,0
DA:29,0
DA:36,15
DA:37,15
DA:45,0
DA:46,0
DA:54,4
LF:9
LH:5
BRDA:22,1,0,48
BRDA:22,1,1,8
BRDA:28,2,0,0
BRDA:28,2,1,0
BRF:4
BRH:2
end_of_record
TN:
SF:C:\Users\USER\Documents\tesis\backend\truffle\contracts\Recyclables.sol
FN:30,isOwnerRecyclable
FN:36,RecyclableExists
FN:41,constructor
FN:50,remove
FN:72,add
FN:85,addUserToRecyclable
FN:103,useRecyclable
FN:121,isAvailable
FN:132,getRecyclablesByOwner
FN:153,getOwnerByRecyclable
FN:164,getAmountRecyclables
FN:174,getAvailableRecyclables
FN:193,_add
FN:212,_removeLastCell
FN:232,_removeInTheMiddleCell
FNF:15
FNH:15
FNDA:6,isOwnerRecyclable
FNDA:31,RecyclableExists
FNDA:3,constructor
FNDA:2,remove
FNDA:11,add
FNDA:9,addUserToRecyclable
FNDA:4,useRecyclable
FNDA:3,isAvailable
FNDA:2,getRecyclablesByOwner
FNDA:3,getOwnerByRecyclable
FNDA:2,getAmountRecyclables
FNDA:5,getAvailableRecyclables
FNDA:9,_add
FNDA:1,_removeLastCell
FNDA:1,_removeInTheMiddleCell
DA:31,6
DA:32,6
DA:33,4
DA:37,31
DA:38,27
DA:51,2
DA:52,2
DA:53,2
DA:54,2
DA:55,1
DA:57,2
DA:58,1
DA:60,2
DA:73,11
DA:74,9
DA:86,9
DA:87,9
DA:88,7
DA:89,7
DA:90,7
DA:91,7
DA:104,4
DA:105,4
DA:106,4
DA:107,4
DA:108,4
DA:109,4
DA:122,3
DA:123,3
DA:133,2
DA:134,2
DA:135,2
DA:136,8
DA:137,1
DA:138,1
DA:141,2
DA:154,3
DA:155,3
DA:165,2
DA:166,1
DA:168,1
DA:175,5
DA:176,5
DA:177,5
DA:178,10
DA:179,7
DA:180,7
DA:183,5
DA:194,9
DA:195,2
DA:196,2
DA:198,9
DA:199,9
DA:200,9
DA:201,9
DA:202,9
DA:213,1
DA:214,1
DA:215,1
DA:216,0
DA:217,0
DA:219,1
DA:233,1
DA:234,1
DA:235,1
DA:236,1
DA:237,1
DA:238,1
DA:240,1
DA:241,0
DA:242,0
DA:244,1
LF:72
LH:68
BRDA:32,1,0,4
BRDA:32,1,1,2
BRDA:37,2,0,27
BRDA:37,2,1,4
BRDA:54,3,0,1
BRDA:54,3,1,1
BRDA:57,4,0,1
BRDA:57,4,1,1
BRDA:73,5,0,9
BRDA:73,5,1,2
BRDA:87,6,0,7
BRDA:87,6,1,2
BRDA:136,7,0,1
BRDA:136,7,1,7
BRDA:165,8,0,1
BRDA:165,8,1,1
BRDA:178,9,0,7
BRDA:178,9,1,3
BRDA:194,10,0,2
BRDA:194,10,1,7
BRDA:214,11,0,1
BRDA:214,11,1,0
BRDA:215,12,0,0
BRDA:215,12,1,1
BRDA:234,13,0,1
BRDA:234,13,1,0
BRDA:235,14,0,1
BRDA:235,14,1,0
BRDA:240,15,0,0
BRDA:240,15,1,1
BRF:30
BRH:25
end_of_record
TN:
SF:C:\Users\USER\Documents\tesis\backend\truffle\contracts\SafeMath.sol
FN:27,add
FN:43,sub
FN:56,sub
FN:72,mul
FN:97,div
FN:112,div
FN:131,mod
FN:146,mod
FNF:8
FNH:3
FNDA:48,add
FNDA:29,sub
FNDA:33,sub
FNDA:0,mul
FNDA:0,div
FNDA:0,div
FNDA:0,mod
FNDA:0,mod
DA:28,48
DA:29,48
DA:31,48
DA:44,29
DA:57,33
DA:58,33
DA:60,33
DA:76,0
DA:77,0
DA:80,0
DA:81,0
DA:83,0
DA:98,0
DA:113,0
DA:114,0
DA:117,0
DA:132,0
DA:147,0
DA:148,0
LF:19
LH:7
BRDA:29,1,0,48
BRDA:29,1,1,0
BRDA:57,2,0,33
BRDA:57,2,1,0
BRDA:76,3,0,0
BRDA:76,3,1,0
BRDA:81,4,0,0
BRDA:81,4,1,0
BRDA:113,5,0,0
BRDA:113,5,1,0
BRDA:147,6,0,0
BRDA:147,6,1,0
BRF:12
BRH:2
end_of_record
